Arguments: 
  /home/simbar/.nvm/versions/node/v14.18.2/bin/node /usr/bin/yarn

PATH: 
  /home/simbar/.nvm/versions/node/v14.18.2/bin:/usr/local/sbin:/usr/local/bin:/usr/sbin:/usr/bin:/sbin:/bin:/usr/games:/usr/local/games:/snap/bin

Yarn version: 
  1.22.17

Node version: 
  14.18.2

Platform: 
  linux x64

Trace: 
  Error: connect ECONNREFUSED 104.16.16.35:443
      at TCPConnectWrap.afterConnect [as oncomplete] (net.js:1159:16)

npm manifest: 
  {
    "name": "corona-react",
    "version": "1.1.0",
    "homepage": "http://multisender.io",
    "private": true,
    "dependencies": {
      "@emotion/react": "^11.4.1",
      "@emotion/styled": "^11.3.0",
      "@lourenci/react-kanban": "^0.13.0",
      "@material-ui/core": "^4.12.3",
      "@mdi/font": "^4.2.95",
      "@mui/material": "^5.0.4",
      "@tinymce/tinymce-react": "^3.3.2",
      "apexcharts": "^3.28.3",
      "axios": "^0.23.0",
      "bignumber.js": "^9.0.1",
      "bootstrap": "^4.3.1",
      "bosket": "^0.2.3",
      "brace": "^0.11.1",
      "bs-custom-file-input": "^1.3.4",
      "canvasjs": "^1.8.1",
      "chart.js": "^2.9.4",
      "chartist": "^0.11.4",
      "cogo-toast": "^4.1.1",
      "compass-mixins": "^0.12.10",
      "ethers": "^5.5.3",
      "flag-icon-css": "^3.3.0",
      "font-awesome": "^4.7.0",
      "http-proxy-middleware": "^2.0.1",
      "i18next": "^19.0.0",
      "i18next-browser-languagedetector": "^4.0.1",
      "mkdirp": "^0.5.1",
      "moment": "^2.29.1",
      "namor": "^1.1.3",
      "node-sass": "^4.13.1",
      "nouislider-react": "^3.3.2",
      "radium": "^0.26.1",
      "react": "^17.0.2",
      "react-ace": "^7.0.5",
      "react-animations": "^1.0.0",
      "react-apexcharts": "^1.3.9",
      "react-bootstrap": "^1.0.0-beta.12",
      "react-bootstrap-editable": "^0.5.1",
      "react-bootstrap-typeahead": "^3.4.7",
      "react-chartjs-2": "^2.8.0",
      "react-clipboard.js": "^2.0.16",
      "react-color": "^2.17.3",
      "react-datepicker": "^2.9.6",
      "react-dnd": "^9.4.0",
      "react-dnd-html5-backend": "^9.4.0",
      "react-dnd-multi-backend": "^3.2.2",
      "react-dnd-touch-backend": "^9.4.0",
      "react-dom": "^17.0.2",
      "react-dragula": "^1.1.17",
      "react-dropzone": "^10.1.9",
      "react-fast-marquee": "^1.2.1",
      "react-file-reader": "^1.1.4",
      "react-i18next": "^11.1.0",
      "react-images": "^1.0.0",
      "react-input-mask": "^3.0.0-alpha.0",
      "react-jvectormap": "0.0.13",
      "react-quill": "^1.3.3",
      "react-redux": "^7.2.6",
      "react-router-dom": "^5.0.1",
      "react-scripts": "3.1.1",
      "react-select": "^3.0.8",
      "react-simple-maps": "^1.0.0-beta.0",
      "react-simplemde-editor": "^4.1.0",
      "react-slick": "^0.25.2",
      "react-svg-gauge": "^1.0.10",
      "react-table": "^6.10.3",
      "react-tag-autocomplete": "^5.11.1",
      "react-treebeard": "^3.2.4",
      "react-trello": "^2.2.3",
      "simple-line-icons": "^2.4.1",
      "slick-carousel": "^1.8.1",
      "sweetalert2-react": "^0.8.3",
      "ti-icons": "^0.1.2",
      "truffle": "^4.1.17",
      "typicons.font": "^2.0.9",
      "wallet-address-validator": "^0.2.4",
      "web3": "^1.6.0"
    },
    "scripts": {
      "start": "react-scripts start",
      "build": "react-scripts build",
      "test": "react-scripts test",
      "eject": "react-scripts eject"
    },
    "eslintConfig": {
      "extends": "react-app"
    },
    "browserslist": {
      "production": [
        ">0.2%",
        "not dead",
        "not op_mini all"
      ],
      "development": [
        "last 1 chrome version",
        "last 1 firefox version",
        "last 1 safari version"
      ]
    },
    "devDependencies": {
      "autoprefixer": "^10.4.0",
      "postcss": "^8.3.11",
      "tailwindcss": "^2.2.17"
    }
  }

yarn manifest: 
  No manifest

Lockfile: 
  No lockfile
